<?xml version="1.0" encoding="UTF-8"?>
<!-- Generated by org.testng.reporters.JUnitReportReporter -->
<testsuite hostname="DESKTOP-3N0O4DU" failures="0" tests="1" name="com.actitime.testscript.CreateModule" time="0.008" errors="0" timestamp="2024-01-02T12:59:54 IST" skipped="0">
  <testcase classname="com.actitime.testscript.CreateModule" name="CustomerModulr" time="0.008"/>
  <system-out>
    <![CDATA[CreateModule]]>
  </system-out>
</testsuite> <!-- com.actitime.testscript.CreateModule -->
